{"C:\\Users\\fcarr\\OneDrive\\Documentos\\DEV005-movie-challenge-fw\\movie-challenge\\src\\Home.jsx": {"path":"C:\\Users\\fcarr\\OneDrive\\Documentos\\DEV005-movie-challenge-fw\\movie-challenge\\src\\Home.jsx","statementMap":{"0":{"start":{"line":8,"column":13},"end":{"line":18,"column":1}},"1":{"start":{"line":10,"column":2},"end":{"line":17,"column":3}}},"fnMap":{"0":{"name":"(anonymous_0)","decl":{"start":{"line":8,"column":13},"end":{"line":8,"column":14}},"loc":{"start":{"line":8,"column":19},"end":{"line":18,"column":1}},"line":8}},"branchMap":{},"s":{"0":1,"1":3},"f":{"0":3},"b":{},"_coverageSchema":"1a1c01bbd47fc00a2c39e90264f33305004495a9","hash":"f8ce0f319e445ef8315541cf42be0c098c624058"}
,"C:\\Users\\fcarr\\OneDrive\\Documentos\\DEV005-movie-challenge-fw\\movie-challenge\\src\\Components\\cards.jsx": {"path":"C:\\Users\\fcarr\\OneDrive\\Documentos\\DEV005-movie-challenge-fw\\movie-challenge\\src\\Components\\cards.jsx","statementMap":{"0":{"start":{"line":8,"column":13},"end":{"line":35,"column":1}},"1":{"start":{"line":11,"column":2},"end":{"line":11,"column":31}},"2":{"start":{"line":13,"column":2},"end":{"line":34,"column":3}}},"fnMap":{"0":{"name":"(anonymous_0)","decl":{"start":{"line":8,"column":13},"end":{"line":8,"column":14}},"loc":{"start":{"line":8,"column":19},"end":{"line":35,"column":1}},"line":8}},"branchMap":{},"s":{"0":1,"1":2,"2":2},"f":{"0":2},"b":{},"_coverageSchema":"1a1c01bbd47fc00a2c39e90264f33305004495a9","hash":"5c5a86cb6d9b39b26919f7c9e0bd3b50abd65232"}
,"C:\\Users\\fcarr\\OneDrive\\Documentos\\DEV005-movie-challenge-fw\\movie-challenge\\src\\Components\\carousel.jsx": {"path":"C:\\Users\\fcarr\\OneDrive\\Documentos\\DEV005-movie-challenge-fw\\movie-challenge\\src\\Components\\carousel.jsx","statementMap":{"0":{"start":{"line":10,"column":17},"end":{"line":60,"column":1}},"1":{"start":{"line":13,"column":2},"end":{"line":13,"column":34}},"2":{"start":{"line":15,"column":2},"end":{"line":59,"column":3}}},"fnMap":{"0":{"name":"(anonymous_0)","decl":{"start":{"line":10,"column":17},"end":{"line":10,"column":18}},"loc":{"start":{"line":10,"column":23},"end":{"line":60,"column":1}},"line":10}},"branchMap":{},"s":{"0":1,"1":2,"2":2},"f":{"0":2},"b":{},"_coverageSchema":"1a1c01bbd47fc00a2c39e90264f33305004495a9","hash":"9af4d19da9c45f34d07225ea66814a988a9a9db4"}
,"C:\\Users\\fcarr\\OneDrive\\Documentos\\DEV005-movie-challenge-fw\\movie-challenge\\src\\Components\\header.jsx": {"path":"C:\\Users\\fcarr\\OneDrive\\Documentos\\DEV005-movie-challenge-fw\\movie-challenge\\src\\Components\\header.jsx","statementMap":{"0":{"start":{"line":9,"column":15},"end":{"line":37,"column":1}},"1":{"start":{"line":12,"column":19},"end":{"line":12,"column":32}},"2":{"start":{"line":13,"column":15},"end":{"line":15,"column":3}},"3":{"start":{"line":14,"column":4},"end":{"line":14,"column":18}},"4":{"start":{"line":17,"column":2},"end":{"line":17,"column":32}},"5":{"start":{"line":19,"column":2},"end":{"line":36,"column":3}}},"fnMap":{"0":{"name":"(anonymous_0)","decl":{"start":{"line":9,"column":15},"end":{"line":9,"column":16}},"loc":{"start":{"line":9,"column":21},"end":{"line":37,"column":1}},"line":9},"1":{"name":"(anonymous_1)","decl":{"start":{"line":13,"column":15},"end":{"line":13,"column":16}},"loc":{"start":{"line":13,"column":21},"end":{"line":15,"column":3}},"line":13}},"branchMap":{},"s":{"0":1,"1":5,"2":0,"3":0,"4":0,"5":0},"f":{"0":5,"1":0},"b":{},"_coverageSchema":"1a1c01bbd47fc00a2c39e90264f33305004495a9","hash":"21f106d56cb796dddf80fa1e7f3e0e1ec8ea866f"}
,"C:\\Users\\fcarr\\OneDrive\\Documentos\\DEV005-movie-challenge-fw\\movie-challenge\\src\\Components\\search.jsx": {"path":"C:\\Users\\fcarr\\OneDrive\\Documentos\\DEV005-movie-challenge-fw\\movie-challenge\\src\\Components\\search.jsx","statementMap":{"0":{"start":{"line":13,"column":19},"end":{"line":13,"column":32}},"1":{"start":{"line":16,"column":21},"end":{"line":50,"column":3}},"2":{"start":{"line":17,"column":18},"end":{"line":17,"column":56}},"3":{"start":{"line":18,"column":4},"end":{"line":18,"column":23}},"4":{"start":{"line":21,"column":4},"end":{"line":49,"column":5}},"5":{"start":{"line":22,"column":6},"end":{"line":22,"column":48}},"6":{"start":{"line":26,"column":22},"end":{"line":38,"column":7}},"7":{"start":{"line":41,"column":6},"end":{"line":48,"column":11}},"8":{"start":{"line":44,"column":10},"end":{"line":44,"column":92}},"9":{"start":{"line":47,"column":10},"end":{"line":47,"column":31}},"10":{"start":{"line":52,"column":2},"end":{"line":76,"column":3}}},"fnMap":{"0":{"name":"Search","decl":{"start":{"line":12,"column":24},"end":{"line":12,"column":30}},"loc":{"start":{"line":12,"column":33},"end":{"line":77,"column":1}},"line":12},"1":{"name":"(anonymous_1)","decl":{"start":{"line":16,"column":21},"end":{"line":16,"column":22}},"loc":{"start":{"line":16,"column":27},"end":{"line":50,"column":3}},"line":16},"2":{"name":"(anonymous_2)","decl":{"start":{"line":43,"column":14},"end":{"line":43,"column":15}},"loc":{"start":{"line":43,"column":34},"end":{"line":45,"column":9}},"line":43},"3":{"name":"(anonymous_3)","decl":{"start":{"line":46,"column":15},"end":{"line":46,"column":16}},"loc":{"start":{"line":46,"column":32},"end":{"line":48,"column":9}},"line":46}},"branchMap":{"0":{"loc":{"start":{"line":21,"column":4},"end":{"line":49,"column":5}},"type":"if","locations":[{"start":{"line":21,"column":4},"end":{"line":49,"column":5}},{"start":{"line":23,"column":11},"end":{"line":49,"column":5}}],"line":21}},"s":{"0":5,"1":0,"2":0,"3":0,"4":0,"5":0,"6":0,"7":0,"8":0,"9":0,"10":0},"f":{"0":5,"1":0,"2":0,"3":0},"b":{"0":[0,0]},"_coverageSchema":"1a1c01bbd47fc00a2c39e90264f33305004495a9","hash":"2a374b1c60e66fa68ff031d520d027066cc9e727"}
}
