TN:
SF:src\Components\header.jsx
FN:9,(anonymous_0)
FN:13,(anonymous_1)
FNF:2
FNH:1
FNDA:5,(anonymous_0)
FNDA:0,(anonymous_1)
DA:9,1
DA:12,5
DA:13,0
DA:14,0
DA:17,0
DA:19,0
LF:6
LH:2
BRF:0
BRH:0
end_of_record
TN:
SF:src\Components\search.jsx
FN:12,Search
FN:16,(anonymous_1)
FN:43,(anonymous_2)
FN:46,(anonymous_3)
FNF:4
FNH:0
FNDA:0,Search
FNDA:0,(anonymous_1)
FNDA:0,(anonymous_2)
FNDA:0,(anonymous_3)
DA:13,0
DA:16,0
DA:17,0
DA:18,0
DA:21,0
DA:22,0
DA:26,0
DA:41,0
DA:44,0
DA:47,0
DA:52,0
LF:11
LH:0
BRDA:21,0,0,0
BRDA:21,0,1,0
BRF:2
BRH:0
end_of_record
